\BOOKMARK [0][-]{label:frontpage.0}{Front page}{}% 1
\BOOKMARK [0][-]{label:titlepage_en.0}{English title page}{}% 2
\BOOKMARK [0][-]{label:contents.0}{Contents}{}% 3
\BOOKMARK [0][-]{chapter.1}{1 Robot Overview}{}% 4
\BOOKMARK [1][-]{section.1.1}{1.1 Sensors}{chapter.1}% 5
\BOOKMARK [1][-]{section.1.2}{1.2 Manipulation}{chapter.1}% 6
\BOOKMARK [1][-]{section.1.3}{1.3 Platform}{chapter.1}% 7
\BOOKMARK [2][-]{subsection.1.3.1}{1.3.1 Platform Power}{section.1.3}% 8
\BOOKMARK [1][-]{section.1.4}{1.4 Computers}{chapter.1}% 9
\BOOKMARK [2][-]{subsection.1.4.1}{1.4.1 ROS Environment}{section.1.4}% 10
\BOOKMARK [1][-]{section.1.5}{1.5 Glossary of terms}{chapter.1}% 11
\BOOKMARK [0][-]{chapter.2}{2 Getting Started: New User with Existing Robot}{}% 12
\BOOKMARK [1][-]{section.2.1}{2.1 Turning on the hardware}{chapter.2}% 13
\BOOKMARK [2][-]{subsection.2.1.1}{2.1.1 Turning on the robot}{section.2.1}% 14
\BOOKMARK [2][-]{subsection.2.1.2}{2.1.2 Turning off the robot}{section.2.1}% 15
\BOOKMARK [2][-]{subsection.2.1.3}{2.1.3 Charging the robot}{section.2.1}% 16
\BOOKMARK [2][-]{subsection.2.1.4}{2.1.4 Disconnecting robot from charger}{section.2.1}% 17
\BOOKMARK [1][-]{section.2.2}{2.2 Create user accounts}{chapter.2}% 18
\BOOKMARK [2][-]{subsection.2.2.1}{2.2.1 Setting up local hosts file}{section.2.2}% 19
\BOOKMARK [2][-]{subsection.2.2.2}{2.2.2 Initial Account Setup}{section.2.2}% 20
\BOOKMARK [1][-]{section.2.3}{2.3 Setting up the code base}{chapter.2}% 21
\BOOKMARK [2][-]{subsection.2.3.1}{2.3.1 Fetch high level repository}{section.2.3}% 22
\BOOKMARK [1][-]{section.2.4}{2.4 Starting ROS and critical systems}{chapter.2}% 23
\BOOKMARK [2][-]{subsection.2.4.1}{2.4.1 Poli1 PC}{section.2.4}% 24
\BOOKMARK [2][-]{subsection.2.4.2}{2.4.2 Poli2 PC}{section.2.4}% 25
\BOOKMARK [2][-]{subsection.2.4.3}{2.4.3 Networking the Robot With Your Computer}{section.2.4}% 26
\BOOKMARK [0][-]{chapter.3}{3 Robot Organization}{}% 27
\BOOKMARK [1][-]{section.3.1}{3.1 Network Configuration}{chapter.3}% 28
\BOOKMARK [1][-]{section.3.2}{3.2 Codebase}{chapter.3}% 29
\BOOKMARK [2][-]{subsection.3.2.1}{3.2.1 Microcontroller development}{section.3.2}% 30
\BOOKMARK [0][-]{chapter.4}{4 Setting up a New Robot}{}% 31
\BOOKMARK [1][-]{section.4.1}{4.1 Setting up Network Components}{chapter.4}% 32
\BOOKMARK [2][-]{subsection.4.1.1}{4.1.1 Setting up network hosts}{section.4.1}% 33
\BOOKMARK [2][-]{subsection.4.1.2}{4.1.2 Setting up the connections in Ubuntu}{section.4.1}% 34
\BOOKMARK [2][-]{subsection.4.1.3}{4.1.3 Setting up network connections for the router}{section.4.1}% 35
\BOOKMARK [2][-]{subsection.4.1.4}{4.1.4 Change the IP Addresses of the lasers}{section.4.1}% 36
\BOOKMARK [2][-]{subsection.4.1.5}{4.1.5 Configure the Gripper's IP}{section.4.1}% 37
\BOOKMARK [2][-]{subsection.4.1.6}{4.1.6 Configure the Gripper's Wireless Bridge}{section.4.1}% 38
\BOOKMARK [0][-]{chapter.5}{5 Component Specifics}{}% 39
\BOOKMARK [1][-]{section.5.1}{5.1 Sensors}{chapter.5}% 40
\BOOKMARK [2][-]{subsection.5.1.1}{5.1.1 Lidar}{section.5.1}% 41
\BOOKMARK [2][-]{subsection.5.1.2}{5.1.2 Sonar}{section.5.1}% 42
\BOOKMARK [1][-]{section.5.2}{5.2 Manipulation}{chapter.5}% 43
\BOOKMARK [2][-]{subsection.5.2.1}{5.2.1 Jaco2 7DOF}{section.5.2}% 44
\BOOKMARK [2][-]{subsection.5.2.2}{5.2.2 Vacuum Gripping Unit}{section.5.2}% 45
\BOOKMARK [2][-]{subsection.5.2.3}{5.2.3 Weiss WSG-32 Gripper}{section.5.2}% 46
\BOOKMARK [2][-]{subsection.5.2.4}{5.2.4 Pan-tilt}{section.5.2}% 47
\BOOKMARK [1][-]{section.5.3}{5.3 Platform}{chapter.5}% 48
\BOOKMARK [1][-]{section.5.4}{5.4 Computers}{chapter.5}% 49
\BOOKMARK [0][-]{chapter.6}{6 Data Sheets}{}% 50
\BOOKMARK [1][-]{section.6.1}{6.1 Data Sheets}{chapter.6}% 51
\BOOKMARK [2][-]{subsection.6.1.1}{6.1.1 Sensors}{section.6.1}% 52
\BOOKMARK [2][-]{subsection.6.1.2}{6.1.2 Manipulation}{section.6.1}% 53
\BOOKMARK [2][-]{subsection.6.1.3}{6.1.3 Base Platform}{section.6.1}% 54
\BOOKMARK [0][-]{chapter.7}{7 Troubleshooting}{}% 55
\BOOKMARK [1][-]{section.7.1}{7.1 Acceptable errors}{chapter.7}% 56
\BOOKMARK [2][-]{subsection.7.1.1}{7.1.1 Base}{section.7.1}% 57
\BOOKMARK [2][-]{subsection.7.1.2}{7.1.2 Arduino}{section.7.1}% 58
\BOOKMARK [1][-]{section.7.2}{7.2 Connectivity and Hardware Issues}{chapter.7}% 59
\BOOKMARK [2][-]{subsection.7.2.1}{7.2.1 Dynamixel driver crashes}{section.7.2}% 60
\BOOKMARK [2][-]{subsection.7.2.2}{7.2.2 Gripper not connected}{section.7.2}% 61
\BOOKMARK [2][-]{subsection.7.2.3}{7.2.3 Gripper connected but does not respond to position goals}{section.7.2}% 62
\BOOKMARK [2][-]{subsection.7.2.4}{7.2.4 TF tree broken / no laser scans output in RViz / localization fails}{section.7.2}% 63
\BOOKMARK [1][-]{section.7.3}{7.3 Issues with existing code bases}{chapter.7}% 64
